\BOOKMARK [1][-]{section.1}{\376\377\200\314\146\157\116\016\163\260\162\266}{}% 1
\BOOKMARK [1][-]{section.2}{\376\377\137\123\122\115\116\073\211\201\225\356\230\230}{}% 2
\BOOKMARK [2][-]{subsection.2.1}{\376\377\000L\000I\000M\000I\000T\000\040\146\057\210\114\176\247\200\014\116\015\146\057\000\040\000i\000t\000e\000m\000\040\176\247}{section.2}% 3
\BOOKMARK [2][-]{subsection.2.2}{\376\377\123\125\116\000\215\357\123\354\126\336\133\271\146\023\120\117\171\321}{section.2}% 4
\BOOKMARK [2][-]{subsection.2.3}{\376\377\116\015\124\014\172\227\123\343\122\006\145\160\116\015\123\357\153\324}{section.2}% 5
\BOOKMARK [1][-]{section.3}{\376\377\145\071\220\040\166\356\150\007}{}% 6
\BOOKMARK [1][-]{section.4}{\376\377\145\271\150\110\377\032\131\032\172\227\123\343\123\354\126\336\000\040\000+\000\040\207\215\124\010\221\315\143\222}{}% 7
\BOOKMARK [2][-]{subsection.4.1}{\376\377\172\227\123\343\377\010\000W\000i\000n\000d\000o\000w\377\011\166\204\133\232\116\111}{section.4}% 8
\BOOKMARK [2][-]{subsection.4.2}{\376\377\172\227\123\343\121\205\217\223\121\372\377\032\000i\000t\000e\000m\000\040\176\247\000\040\000t\000o\000p\000M}{section.4}% 9
\BOOKMARK [2][-]{subsection.4.3}{\376\377\207\215\124\010\173\126\165\145\377\032\000R\000R\000F\377\010\124\015\153\041\207\215\124\010\377\011}{section.4}% 10
\BOOKMARK [2][-]{subsection.4.4}{\376\377\173\054\116\214\226\066\153\265\377\032\137\122\116\000\123\026\000\040\000+\000\040\122\240\147\103\124\214}{section.4}% 11
\BOOKMARK [1][-]{section.5}{\376\377\145\160\143\156\116\016\143\245\123\343\213\276\213\241}{}% 12
\BOOKMARK [2][-]{subsection.5.1}{\376\377\143\245\123\343\117\335\143\001\121\174\133\271}{section.5}% 13
\BOOKMARK [2][-]{subsection.5.2}{\376\377\172\227\123\343\221\115\177\156\123\026}{section.5}% 14
\BOOKMARK [1][-]{section.6}{\376\377\133\236\145\275\215\357\176\277}{}% 15
\BOOKMARK [2][-]{subsection.6.1}{\376\377\000P\000h\000a\000s\000e\000\040\0000\377\032\172\063\133\232\163\260\162\266}{section.6}% 16
\BOOKMARK [2][-]{subsection.6.2}{\376\377\000P\000h\000a\000s\000e\000\040\0001\377\032\131\032\172\227\123\343\377\014\131\032\000\040\000S\000Q\000L}{section.6}% 17
\BOOKMARK [2][-]{subsection.6.3}{\376\377\000P\000h\000a\000s\000e\000\040\0002\377\032\172\227\123\343\121\205\200\132\124\010\116\013\143\250\122\060\000\040\000S\000Q\000L}{section.6}% 18
\BOOKMARK [2][-]{subsection.6.4}{\376\377\000P\000h\000a\000s\000e\000\040\0003\377\032\145\345\137\327\116\016\133\146\116\140}{section.6}% 19
\BOOKMARK [1][-]{section.7}{\376\377\213\304\117\060\143\007\150\007}{}% 20
\BOOKMARK [2][-]{subsection.7.1}{\376\377\171\273\176\277\143\007\150\007}{section.7}% 21
\BOOKMARK [2][-]{subsection.7.2}{\376\377\127\050\176\277\143\007\150\007}{section.7}% 22
\BOOKMARK [1][-]{section.8}{\376\377\230\316\226\151\116\016\154\350\141\017\116\213\230\171}{}% 23
\BOOKMARK [1][-]{section.9}{\376\377\226\104\377\032\137\123\122\115\116\343\170\001\215\321\220\032\166\204\147\000\167\355\000\040\000C\000h\000e\000c\000k\000l\000i\000s\000t}{}% 24
